<?xml version="1.0" encoding="UTF-8"?>
<testng-results skipped="0" failed="0" total="12" passed="12">
  <reporter-output>
  </reporter-output>
  <suite name="Default suite" duration-ms="386" started-at="2017-10-28T03:41:31Z" finished-at="2017-10-28T03:41:32Z">
    <groups>
    </groups>
    <test name="Default test" duration-ms="386" started-at="2017-10-28T03:41:31Z" finished-at="2017-10-28T03:41:32Z">
      <class name="pkg.CLass1">
        <test-method status="PASS" signature="abc(java.lang.String, java.lang.String, java.lang.String)[pri:0, instance:pkg.CLass1@26653222]" name="abc" duration-ms="19" started-at="2017-10-28T09:11:32Z" data-provider="data_2" finished-at="2017-10-28T09:11:32Z">
          <params>
            <param index="0">
              <value>
                <![CDATA[user]]>
              </value>
            </param>
            <param index="1">
              <value>
                <![CDATA[password]]>
              </value>
            </param>
            <param index="2">
              <value>
                <![CDATA[]]>
              </value>
            </param>
          </params>
          <reporter-output>
          </reporter-output>
        </test-method> <!-- abc -->
        <test-method status="PASS" signature="abc(java.lang.String, java.lang.String, java.lang.String)[pri:0, instance:pkg.CLass1@26653222]" name="abc" duration-ms="3" started-at="2017-10-28T09:11:32Z" data-provider="data_2" finished-at="2017-10-28T09:11:32Z">
          <params>
            <param index="0">
              <value>
                <![CDATA[deepak]]>
              </value>
            </param>
            <param index="1">
              <value>
                <![CDATA[deep]]>
              </value>
            </param>
            <param index="2">
              <value>
                <![CDATA[]]>
              </value>
            </param>
          </params>
          <reporter-output>
          </reporter-output>
        </test-method> <!-- abc -->
        <test-method status="PASS" signature="abc(java.lang.String, java.lang.String, java.lang.String)[pri:0, instance:pkg.CLass1@26653222]" name="abc" duration-ms="8" started-at="2017-10-28T09:11:32Z" data-provider="data_2" finished-at="2017-10-28T09:11:32Z">
          <params>
            <param index="0">
              <value>
                <![CDATA[deepak]]>
              </value>
            </param>
            <param index="1">
              <value>
                <![CDATA[deep]]>
              </value>
            </param>
            <param index="2">
              <value>
                <![CDATA[]]>
              </value>
            </param>
          </params>
          <reporter-output>
          </reporter-output>
        </test-method> <!-- abc -->
        <test-method status="PASS" signature="abc(java.lang.String, java.lang.String, java.lang.String)[pri:0, instance:pkg.CLass1@26653222]" name="abc" duration-ms="2" started-at="2017-10-28T09:11:32Z" data-provider="data_2" finished-at="2017-10-28T09:11:32Z">
          <params>
            <param index="0">
              <value>
                <![CDATA[deepak]]>
              </value>
            </param>
            <param index="1">
              <value>
                <![CDATA[deep]]>
              </value>
            </param>
            <param index="2">
              <value>
                <![CDATA[]]>
              </value>
            </param>
          </params>
          <reporter-output>
          </reporter-output>
        </test-method> <!-- abc -->
        <test-method status="PASS" signature="abc(java.lang.String, java.lang.String, java.lang.String)[pri:0, instance:pkg.CLass1@26653222]" name="abc" duration-ms="3" started-at="2017-10-28T09:11:32Z" data-provider="data_2" finished-at="2017-10-28T09:11:32Z">
          <params>
            <param index="0">
              <value>
                <![CDATA[deepak]]>
              </value>
            </param>
            <param index="1">
              <value>
                <![CDATA[deep]]>
              </value>
            </param>
            <param index="2">
              <value>
                <![CDATA[]]>
              </value>
            </param>
          </params>
          <reporter-output>
          </reporter-output>
        </test-method> <!-- abc -->
        <test-method status="PASS" signature="abc(java.lang.String, java.lang.String, java.lang.String)[pri:0, instance:pkg.CLass1@26653222]" name="abc" duration-ms="2" started-at="2017-10-28T09:11:32Z" data-provider="data_2" finished-at="2017-10-28T09:11:32Z">
          <params>
            <param index="0">
              <value>
                <![CDATA[deepak]]>
              </value>
            </param>
            <param index="1">
              <value>
                <![CDATA[deep]]>
              </value>
            </param>
            <param index="2">
              <value>
                <![CDATA[]]>
              </value>
            </param>
          </params>
          <reporter-output>
          </reporter-output>
        </test-method> <!-- abc -->
        <test-method status="PASS" signature="abc(java.lang.String, java.lang.String, java.lang.String)[pri:0, instance:pkg.CLass1@26653222]" name="abc" duration-ms="2" started-at="2017-10-28T09:11:32Z" data-provider="data_2" finished-at="2017-10-28T09:11:32Z">
          <params>
            <param index="0">
              <value>
                <![CDATA[deepak]]>
              </value>
            </param>
            <param index="1">
              <value>
                <![CDATA[deep]]>
              </value>
            </param>
            <param index="2">
              <value>
                <![CDATA[]]>
              </value>
            </param>
          </params>
          <reporter-output>
          </reporter-output>
        </test-method> <!-- abc -->
        <test-method status="PASS" signature="abc(java.lang.String, java.lang.String, java.lang.String)[pri:0, instance:pkg.CLass1@26653222]" name="abc" duration-ms="2" started-at="2017-10-28T09:11:32Z" data-provider="data_2" finished-at="2017-10-28T09:11:32Z">
          <params>
            <param index="0">
              <value>
                <![CDATA[deepak]]>
              </value>
            </param>
            <param index="1">
              <value>
                <![CDATA[deep]]>
              </value>
            </param>
            <param index="2">
              <value>
                <![CDATA[]]>
              </value>
            </param>
          </params>
          <reporter-output>
          </reporter-output>
        </test-method> <!-- abc -->
        <test-method status="PASS" signature="abc(java.lang.String, java.lang.String, java.lang.String)[pri:0, instance:pkg.CLass1@26653222]" name="abc" duration-ms="2" started-at="2017-10-28T09:11:32Z" data-provider="data_2" finished-at="2017-10-28T09:11:32Z">
          <params>
            <param index="0">
              <value>
                <![CDATA[deepak]]>
              </value>
            </param>
            <param index="1">
              <value>
                <![CDATA[deep]]>
              </value>
            </param>
            <param index="2">
              <value>
                <![CDATA[]]>
              </value>
            </param>
          </params>
          <reporter-output>
          </reporter-output>
        </test-method> <!-- abc -->
        <test-method status="PASS" signature="abc(java.lang.String, java.lang.String, java.lang.String)[pri:0, instance:pkg.CLass1@26653222]" name="abc" duration-ms="2" started-at="2017-10-28T09:11:32Z" data-provider="data_2" finished-at="2017-10-28T09:11:32Z">
          <params>
            <param index="0">
              <value>
                <![CDATA[deepak]]>
              </value>
            </param>
            <param index="1">
              <value>
                <![CDATA[deep]]>
              </value>
            </param>
            <param index="2">
              <value>
                <![CDATA[]]>
              </value>
            </param>
          </params>
          <reporter-output>
          </reporter-output>
        </test-method> <!-- abc -->
        <test-method status="PASS" signature="abc(java.lang.String, java.lang.String, java.lang.String)[pri:0, instance:pkg.CLass1@26653222]" name="abc" duration-ms="2" started-at="2017-10-28T09:11:32Z" data-provider="data_2" finished-at="2017-10-28T09:11:32Z">
          <params>
            <param index="0">
              <value>
                <![CDATA[deepak]]>
              </value>
            </param>
            <param index="1">
              <value>
                <![CDATA[deep]]>
              </value>
            </param>
            <param index="2">
              <value>
                <![CDATA[]]>
              </value>
            </param>
          </params>
          <reporter-output>
          </reporter-output>
        </test-method> <!-- abc -->
        <test-method status="PASS" signature="abc(java.lang.String, java.lang.String, java.lang.String)[pri:0, instance:pkg.CLass1@26653222]" name="abc" duration-ms="2" started-at="2017-10-28T09:11:32Z" data-provider="data_2" finished-at="2017-10-28T09:11:32Z">
          <params>
            <param index="0">
              <value>
                <![CDATA[]]>
              </value>
            </param>
            <param index="1">
              <value>
                <![CDATA[]]>
              </value>
            </param>
            <param index="2">
              <value>
                <![CDATA[]]>
              </value>
            </param>
          </params>
          <reporter-output>
          </reporter-output>
        </test-method> <!-- abc -->
      </class> <!-- pkg.CLass1 -->
    </test> <!-- Default test -->
  </suite> <!-- Default suite -->
</testng-results>
